2022-07-11 13:17:52 WARN  BaseDriver:32 - warn
  2022-07-11 13:20:43 INFO  BaseDriver:31 - efffrfrfrdf
  2022-07-11 13:20:43 WARN  BaseDriver:32 - warn
  2022-07-11 13:23:46 INFO  BaseDriver:31 - efffrfrfrdf
  2022-07-11 13:23:46 WARN  BaseDriver:32 - warn
  2022-07-11 13:25:03 DEBUG InternalLoggerFactory:89 - Using Log4J as the default logging framework
  2022-07-11 13:25:03 DEBUG ResourceLeakDetector:129 - -Dio.netty.leakDetection.level: simple
  2022-07-11 13:25:03 DEBUG ResourceLeakDetector:130 - -Dio.netty.leakDetection.targetRecords: 4
  2022-07-11 13:25:03 DEBUG ResourceLeakDetectorFactory:196 - Loaded default ResourceLeakDetector: io.netty.util.ResourceLeakDetector@58cbafc2
  2022-07-11 13:25:03 DEBUG PlatformDependent0:495 - -Dio.netty.noUnsafe: false
  2022-07-11 13:25:03 DEBUG PlatformDependent0:998 - Java version: 12
  2022-07-11 13:25:03 DEBUG PlatformDependent0:136 - sun.misc.Unsafe.theUnsafe: available
  2022-07-11 13:25:03 DEBUG PlatformDependent0:160 - sun.misc.Unsafe.copyMemory: available
  2022-07-11 13:25:03 DEBUG PlatformDependent0:192 - sun.misc.Unsafe.storeFence: available
  2022-07-11 13:25:03 DEBUG PlatformDependent0:235 - java.nio.Buffer.address: available
  2022-07-11 13:25:03 DEBUG PlatformDependent0:319 - direct buffer constructor: unavailable: Reflective setAccessible(true) disabled
  2022-07-11 13:25:03 DEBUG PlatformDependent0:384 - java.nio.Bits.unaligned: available, true
  2022-07-11 13:25:03 DEBUG PlatformDependent0:451 - jdk.internal.misc.Unsafe.allocateUninitializedArray(int): unavailable: class io.netty.util.internal.PlatformDependent0$7 cannot access class jdk.internal.misc.Unsafe (in module java.base) because module java.base does not export jdk.internal.misc to unnamed module @533bda92
  2022-07-11 13:25:03 DEBUG PlatformDependent0:481 - java.nio.DirectByteBuffer.<init>(long, int): unavailable
  2022-07-11 13:25:03 DEBUG PlatformDependent:1120 - sun.misc.Unsafe: available
  2022-07-11 13:25:03 DEBUG PlatformDependent:1231 - maxDirectMemory: 2074083328 bytes (maybe)
  2022-07-11 13:25:03 DEBUG PlatformDependent:1250 - -Dio.netty.tmpdir: C:\Users\hejimene\AppData\Local\Temp (java.io.tmpdir)
  2022-07-11 13:25:03 DEBUG PlatformDependent:1329 - -Dio.netty.bitMode: 64 (sun.arch.data.model)
  2022-07-11 13:25:03 DEBUG PlatformDependent:1080 - Platform: Windows
  2022-07-11 13:25:03 DEBUG PlatformDependent:178 - -Dio.netty.maxDirectMemory: -1 bytes
  2022-07-11 13:25:03 DEBUG PlatformDependent:185 - -Dio.netty.uninitializedArrayAllocationThreshold: -1
  2022-07-11 13:25:03 DEBUG CleanerJava9:71 - java.nio.ByteBuffer.cleaner(): available
  2022-07-11 13:25:03 DEBUG PlatformDependent:205 - -Dio.netty.noPreferDirect: false
  2022-07-11 13:25:03 DEBUG PlatformDependent:971 - org.jctools-core.MpscChunkedArrayQueue: available
  2022-07-11 13:25:03 DEBUG InternalThreadLocalMap:86 - -Dio.netty.threadLocalMap.stringBuilder.initialSize: 1024
  2022-07-11 13:25:03 DEBUG InternalThreadLocalMap:89 - -Dio.netty.threadLocalMap.stringBuilder.maxSize: 4096
  2022-07-11 13:25:03 DEBUG JdkSslContext:83 - Default protocols (JDK): [TLSv1.3, TLSv1.2, TLSv1.1, TLSv1] 
  2022-07-11 13:25:03 DEBUG JdkSslContext:84 - Default cipher suites (JDK): [TLS_ECDHE_ECDSA_WITH_AES_256_GCM_SHA384, TLS_ECDHE_ECDSA_WITH_AES_128_GCM_SHA256, TLS_ECDHE_RSA_WITH_AES_128_GCM_SHA256, TLS_ECDHE_RSA_WITH_AES_256_GCM_SHA384, TLS_ECDHE_RSA_WITH_AES_128_CBC_SHA, TLS_ECDHE_RSA_WITH_AES_256_CBC_SHA, TLS_RSA_WITH_AES_128_GCM_SHA256, TLS_RSA_WITH_AES_128_CBC_SHA, TLS_RSA_WITH_AES_256_CBC_SHA, TLS_AES_128_GCM_SHA256, TLS_AES_256_GCM_SHA384]
  2022-07-11 13:25:03 DEBUG MultithreadEventLoopGroup:44 - -Dio.netty.eventLoopThreads: 16
  2022-07-11 13:25:03 DEBUG NioEventLoop:109 - -Dio.netty.noKeySetOptimization: false
  2022-07-11 13:25:03 DEBUG NioEventLoop:110 - -Dio.netty.selectorAutoRebuildThreshold: 512
  2022-07-11 13:25:03 DEBUG PooledByteBufAllocator:157 - -Dio.netty.allocator.numHeapArenas: 16
  2022-07-11 13:25:03 DEBUG PooledByteBufAllocator:158 - -Dio.netty.allocator.numDirectArenas: 16
  2022-07-11 13:25:03 DEBUG PooledByteBufAllocator:160 - -Dio.netty.allocator.pageSize: 8192
  2022-07-11 13:25:03 DEBUG PooledByteBufAllocator:165 - -Dio.netty.allocator.maxOrder: 9
  2022-07-11 13:25:03 DEBUG PooledByteBufAllocator:169 - -Dio.netty.allocator.chunkSize: 4194304
  2022-07-11 13:25:03 DEBUG PooledByteBufAllocator:170 - -Dio.netty.allocator.smallCacheSize: 256
  2022-07-11 13:25:03 DEBUG PooledByteBufAllocator:171 - -Dio.netty.allocator.normalCacheSize: 64
  2022-07-11 13:25:03 DEBUG PooledByteBufAllocator:172 - -Dio.netty.allocator.maxCachedBufferCapacity: 32768
  2022-07-11 13:25:03 DEBUG PooledByteBufAllocator:173 - -Dio.netty.allocator.cacheTrimInterval: 8192
  2022-07-11 13:25:03 DEBUG PooledByteBufAllocator:174 - -Dio.netty.allocator.cacheTrimIntervalMillis: 0
  2022-07-11 13:25:03 DEBUG PooledByteBufAllocator:175 - -Dio.netty.allocator.useCacheForAllThreads: false
  2022-07-11 13:25:03 DEBUG PooledByteBufAllocator:176 - -Dio.netty.allocator.maxCachedByteBuffersPerChunk: 1023
  2022-07-11 13:25:03 DEBUG ByteBufUtil:87 - -Dio.netty.allocator.type: pooled
  2022-07-11 13:25:03 DEBUG ByteBufUtil:96 - -Dio.netty.threadLocalDirectBufferSize: 0
  2022-07-11 13:25:03 DEBUG ByteBufUtil:99 - -Dio.netty.maxThreadLocalCharBufferSize: 16384
  2022-07-11 13:25:04 DEBUG DefaultChannelId:79 - -Dio.netty.processId: 23336 (auto-detected)
  2022-07-11 13:25:04 DEBUG NetUtil:136 - -Djava.net.preferIPv4Stack: false
  2022-07-11 13:25:04 DEBUG NetUtil:137 - -Djava.net.preferIPv6Addresses: false
  2022-07-11 13:25:04 DEBUG NetUtilInitializations:129 - Loopback interface: lo (Software Loopback Interface 1, 127.0.0.1)
  2022-07-11 13:25:04 DEBUG NetUtil:191 - Failed to get SOMAXCONN from sysctl and file \proc\sys\net\core\somaxconn. Default: 200
  2022-07-11 13:25:05 DEBUG DefaultChannelId:101 - -Dio.netty.machineId: 3c:58:c2:ff:fe:83:10:1c (auto-detected)
  2022-07-11 13:25:05 DEBUG AbstractByteBuf:63 - -Dio.netty.buffer.checkAccessible: true
  2022-07-11 13:25:05 DEBUG AbstractByteBuf:64 - -Dio.netty.buffer.checkBounds: true
  2022-07-11 13:25:05 DEBUG ResourceLeakDetectorFactory:196 - Loaded default ResourceLeakDetector: io.netty.util.ResourceLeakDetector@3410371d
  2022-07-11 13:25:05 DEBUG Recycler:85 - -Dio.netty.recycler.maxCapacityPerThread: 4096
  2022-07-11 13:25:05 DEBUG Recycler:86 - -Dio.netty.recycler.ratio: 8
  2022-07-11 13:25:05 DEBUG Recycler:87 - -Dio.netty.recycler.chunkSize: 32
  2022-07-11 13:25:05 DEBUG Recycler:88 - -Dio.netty.recycler.blocking: false
  2022-07-11 13:25:06 DEBUG Brotli:38 - brotli4j not in the classpath; Brotli support will be unavailable.
  2022-07-11 13:25:07 DEBUG ThreadLocalRandom:214 - -Dio.netty.initialSeedUniquifier: 0xf39b17484781a843
  2022-07-11 13:25:07 INFO  BaseDriver:45 - Browser Launched
  2022-07-11 13:27:01 DEBUG InternalLoggerFactory:89 - Using Log4J as the default logging framework
  2022-07-11 13:27:01 DEBUG ResourceLeakDetector:129 - -Dio.netty.leakDetection.level: simple
  2022-07-11 13:27:01 DEBUG ResourceLeakDetector:130 - -Dio.netty.leakDetection.targetRecords: 4
  2022-07-11 13:27:01 DEBUG ResourceLeakDetectorFactory:196 - Loaded default ResourceLeakDetector: io.netty.util.ResourceLeakDetector@53fb3dab
  2022-07-11 13:27:01 DEBUG PlatformDependent0:495 - -Dio.netty.noUnsafe: false
  2022-07-11 13:27:01 DEBUG PlatformDependent0:998 - Java version: 12
  2022-07-11 13:27:01 DEBUG PlatformDependent0:136 - sun.misc.Unsafe.theUnsafe: available
  2022-07-11 13:27:01 DEBUG PlatformDependent0:160 - sun.misc.Unsafe.copyMemory: available
  2022-07-11 13:27:01 DEBUG PlatformDependent0:192 - sun.misc.Unsafe.storeFence: available
  2022-07-11 13:27:01 DEBUG PlatformDependent0:235 - java.nio.Buffer.address: available
  2022-07-11 13:27:01 DEBUG PlatformDependent0:319 - direct buffer constructor: unavailable: Reflective setAccessible(true) disabled
  2022-07-11 13:27:01 DEBUG PlatformDependent0:384 - java.nio.Bits.unaligned: available, true
  2022-07-11 13:27:01 DEBUG PlatformDependent0:451 - jdk.internal.misc.Unsafe.allocateUninitializedArray(int): unavailable: class io.netty.util.internal.PlatformDependent0$7 cannot access class jdk.internal.misc.Unsafe (in module java.base) because module java.base does not export jdk.internal.misc to unnamed module @4bdeaabb
  2022-07-11 13:27:01 DEBUG PlatformDependent0:481 - java.nio.DirectByteBuffer.<init>(long, int): unavailable
  2022-07-11 13:27:01 DEBUG PlatformDependent:1120 - sun.misc.Unsafe: available
  2022-07-11 13:27:01 DEBUG PlatformDependent:1231 - maxDirectMemory: 2074083328 bytes (maybe)
  2022-07-11 13:27:01 DEBUG PlatformDependent:1250 - -Dio.netty.tmpdir: C:\Users\hejimene\AppData\Local\Temp (java.io.tmpdir)
  2022-07-11 13:27:01 DEBUG PlatformDependent:1329 - -Dio.netty.bitMode: 64 (sun.arch.data.model)
  2022-07-11 13:27:01 DEBUG PlatformDependent:1080 - Platform: Windows
  2022-07-11 13:27:01 DEBUG PlatformDependent:178 - -Dio.netty.maxDirectMemory: -1 bytes
  2022-07-11 13:27:01 DEBUG PlatformDependent:185 - -Dio.netty.uninitializedArrayAllocationThreshold: -1
  2022-07-11 13:27:01 DEBUG CleanerJava9:71 - java.nio.ByteBuffer.cleaner(): available
  2022-07-11 13:27:01 DEBUG PlatformDependent:205 - -Dio.netty.noPreferDirect: false
  2022-07-11 13:27:01 DEBUG PlatformDependent:971 - org.jctools-core.MpscChunkedArrayQueue: available
  2022-07-11 13:27:01 DEBUG InternalThreadLocalMap:86 - -Dio.netty.threadLocalMap.stringBuilder.initialSize: 1024
  2022-07-11 13:27:01 DEBUG InternalThreadLocalMap:89 - -Dio.netty.threadLocalMap.stringBuilder.maxSize: 4096
  2022-07-11 13:27:02 DEBUG JdkSslContext:83 - Default protocols (JDK): [TLSv1.3, TLSv1.2, TLSv1.1, TLSv1] 
  2022-07-11 13:27:02 DEBUG JdkSslContext:84 - Default cipher suites (JDK): [TLS_ECDHE_ECDSA_WITH_AES_256_GCM_SHA384, TLS_ECDHE_ECDSA_WITH_AES_128_GCM_SHA256, TLS_ECDHE_RSA_WITH_AES_128_GCM_SHA256, TLS_ECDHE_RSA_WITH_AES_256_GCM_SHA384, TLS_ECDHE_RSA_WITH_AES_128_CBC_SHA, TLS_ECDHE_RSA_WITH_AES_256_CBC_SHA, TLS_RSA_WITH_AES_128_GCM_SHA256, TLS_RSA_WITH_AES_128_CBC_SHA, TLS_RSA_WITH_AES_256_CBC_SHA, TLS_AES_128_GCM_SHA256, TLS_AES_256_GCM_SHA384]
  2022-07-11 13:27:02 DEBUG MultithreadEventLoopGroup:44 - -Dio.netty.eventLoopThreads: 16
  2022-07-11 13:27:02 DEBUG NioEventLoop:109 - -Dio.netty.noKeySetOptimization: false
  2022-07-11 13:27:02 DEBUG NioEventLoop:110 - -Dio.netty.selectorAutoRebuildThreshold: 512
  2022-07-11 13:27:02 DEBUG PooledByteBufAllocator:157 - -Dio.netty.allocator.numHeapArenas: 16
  2022-07-11 13:27:02 DEBUG PooledByteBufAllocator:158 - -Dio.netty.allocator.numDirectArenas: 16
  2022-07-11 13:27:02 DEBUG PooledByteBufAllocator:160 - -Dio.netty.allocator.pageSize: 8192
  2022-07-11 13:27:02 DEBUG PooledByteBufAllocator:165 - -Dio.netty.allocator.maxOrder: 9
  2022-07-11 13:27:02 DEBUG PooledByteBufAllocator:169 - -Dio.netty.allocator.chunkSize: 4194304
  2022-07-11 13:27:02 DEBUG PooledByteBufAllocator:170 - -Dio.netty.allocator.smallCacheSize: 256
  2022-07-11 13:27:02 DEBUG PooledByteBufAllocator:171 - -Dio.netty.allocator.normalCacheSize: 64
  2022-07-11 13:27:02 DEBUG PooledByteBufAllocator:172 - -Dio.netty.allocator.maxCachedBufferCapacity: 32768
  2022-07-11 13:27:02 DEBUG PooledByteBufAllocator:173 - -Dio.netty.allocator.cacheTrimInterval: 8192
  2022-07-11 13:27:02 DEBUG PooledByteBufAllocator:174 - -Dio.netty.allocator.cacheTrimIntervalMillis: 0
  2022-07-11 13:27:02 DEBUG PooledByteBufAllocator:175 - -Dio.netty.allocator.useCacheForAllThreads: false
  2022-07-11 13:27:02 DEBUG PooledByteBufAllocator:176 - -Dio.netty.allocator.maxCachedByteBuffersPerChunk: 1023
  2022-07-11 13:27:02 DEBUG ByteBufUtil:87 - -Dio.netty.allocator.type: pooled
  2022-07-11 13:27:02 DEBUG ByteBufUtil:96 - -Dio.netty.threadLocalDirectBufferSize: 0
  2022-07-11 13:27:02 DEBUG ByteBufUtil:99 - -Dio.netty.maxThreadLocalCharBufferSize: 16384
  2022-07-11 13:27:02 DEBUG DefaultChannelId:79 - -Dio.netty.processId: 23360 (auto-detected)
  2022-07-11 13:27:02 DEBUG NetUtil:136 - -Djava.net.preferIPv4Stack: false
  2022-07-11 13:27:02 DEBUG NetUtil:137 - -Djava.net.preferIPv6Addresses: false
  2022-07-11 13:27:03 DEBUG NetUtilInitializations:129 - Loopback interface: lo (Software Loopback Interface 1, 127.0.0.1)
  2022-07-11 13:27:03 DEBUG NetUtil:191 - Failed to get SOMAXCONN from sysctl and file \proc\sys\net\core\somaxconn. Default: 200
  2022-07-11 13:27:03 DEBUG DefaultChannelId:101 - -Dio.netty.machineId: 3c:58:c2:ff:fe:83:10:1c (auto-detected)
  2022-07-11 13:27:03 DEBUG AbstractByteBuf:63 - -Dio.netty.buffer.checkAccessible: true
  2022-07-11 13:27:03 DEBUG AbstractByteBuf:64 - -Dio.netty.buffer.checkBounds: true
  2022-07-11 13:27:03 DEBUG ResourceLeakDetectorFactory:196 - Loaded default ResourceLeakDetector: io.netty.util.ResourceLeakDetector@5db3e060
  2022-07-11 13:27:03 DEBUG Recycler:85 - -Dio.netty.recycler.maxCapacityPerThread: 4096
  2022-07-11 13:27:03 DEBUG Recycler:86 - -Dio.netty.recycler.ratio: 8
  2022-07-11 13:27:03 DEBUG Recycler:87 - -Dio.netty.recycler.chunkSize: 32
  2022-07-11 13:27:03 DEBUG Recycler:88 - -Dio.netty.recycler.blocking: false
  2022-07-11 13:27:05 DEBUG Brotli:38 - brotli4j not in the classpath; Brotli support will be unavailable.
  2022-07-11 13:27:05 DEBUG ThreadLocalRandom:214 - -Dio.netty.initialSeedUniquifier: 0x2aded9ce63fcfd51
  2022-07-11 13:27:05 INFO  BaseDriver:45 - Browser Launched
  2022-07-11 13:28:07 DEBUG InternalLoggerFactory:89 - Using Log4J as the default logging framework
  2022-07-11 13:28:07 DEBUG ResourceLeakDetector:129 - -Dio.netty.leakDetection.level: simple
  2022-07-11 13:28:07 DEBUG ResourceLeakDetector:130 - -Dio.netty.leakDetection.targetRecords: 4
  2022-07-11 13:28:07 DEBUG ResourceLeakDetectorFactory:196 - Loaded default ResourceLeakDetector: io.netty.util.ResourceLeakDetector@117159c0
  2022-07-11 13:28:07 DEBUG PlatformDependent0:495 - -Dio.netty.noUnsafe: false
  2022-07-11 13:28:07 DEBUG PlatformDependent0:998 - Java version: 12
  2022-07-11 13:28:07 DEBUG PlatformDependent0:136 - sun.misc.Unsafe.theUnsafe: available
  2022-07-11 13:28:07 DEBUG PlatformDependent0:160 - sun.misc.Unsafe.copyMemory: available
  2022-07-11 13:28:07 DEBUG PlatformDependent0:192 - sun.misc.Unsafe.storeFence: available
  2022-07-11 13:28:07 DEBUG PlatformDependent0:235 - java.nio.Buffer.address: available
  2022-07-11 13:28:07 DEBUG PlatformDependent0:319 - direct buffer constructor: unavailable: Reflective setAccessible(true) disabled
  2022-07-11 13:28:07 DEBUG PlatformDependent0:384 - java.nio.Bits.unaligned: available, true
  2022-07-11 13:28:07 DEBUG PlatformDependent0:451 - jdk.internal.misc.Unsafe.allocateUninitializedArray(int): unavailable: class io.netty.util.internal.PlatformDependent0$7 cannot access class jdk.internal.misc.Unsafe (in module java.base) because module java.base does not export jdk.internal.misc to unnamed module @6f10d5b6
  2022-07-11 13:28:07 DEBUG PlatformDependent0:481 - java.nio.DirectByteBuffer.<init>(long, int): unavailable
  2022-07-11 13:28:07 DEBUG PlatformDependent:1120 - sun.misc.Unsafe: available
  2022-07-11 13:28:07 DEBUG PlatformDependent:1231 - maxDirectMemory: 2074083328 bytes (maybe)
  2022-07-11 13:28:07 DEBUG PlatformDependent:1250 - -Dio.netty.tmpdir: C:\Users\hejimene\AppData\Local\Temp (java.io.tmpdir)
  2022-07-11 13:28:07 DEBUG PlatformDependent:1329 - -Dio.netty.bitMode: 64 (sun.arch.data.model)
  2022-07-11 13:28:07 DEBUG PlatformDependent:1080 - Platform: Windows
  2022-07-11 13:28:07 DEBUG PlatformDependent:178 - -Dio.netty.maxDirectMemory: -1 bytes
  2022-07-11 13:28:07 DEBUG PlatformDependent:185 - -Dio.netty.uninitializedArrayAllocationThreshold: -1
  2022-07-11 13:28:07 DEBUG CleanerJava9:71 - java.nio.ByteBuffer.cleaner(): available
  2022-07-11 13:28:07 DEBUG PlatformDependent:205 - -Dio.netty.noPreferDirect: false
  2022-07-11 13:28:07 DEBUG PlatformDependent:971 - org.jctools-core.MpscChunkedArrayQueue: available
  2022-07-11 13:28:07 DEBUG InternalThreadLocalMap:86 - -Dio.netty.threadLocalMap.stringBuilder.initialSize: 1024
  2022-07-11 13:28:07 DEBUG InternalThreadLocalMap:89 - -Dio.netty.threadLocalMap.stringBuilder.maxSize: 4096
  2022-07-11 13:28:07 DEBUG JdkSslContext:83 - Default protocols (JDK): [TLSv1.3, TLSv1.2, TLSv1.1, TLSv1] 
  2022-07-11 13:28:07 DEBUG JdkSslContext:84 - Default cipher suites (JDK): [TLS_ECDHE_ECDSA_WITH_AES_256_GCM_SHA384, TLS_ECDHE_ECDSA_WITH_AES_128_GCM_SHA256, TLS_ECDHE_RSA_WITH_AES_128_GCM_SHA256, TLS_ECDHE_RSA_WITH_AES_256_GCM_SHA384, TLS_ECDHE_RSA_WITH_AES_128_CBC_SHA, TLS_ECDHE_RSA_WITH_AES_256_CBC_SHA, TLS_RSA_WITH_AES_128_GCM_SHA256, TLS_RSA_WITH_AES_128_CBC_SHA, TLS_RSA_WITH_AES_256_CBC_SHA, TLS_AES_128_GCM_SHA256, TLS_AES_256_GCM_SHA384]
  2022-07-11 13:28:07 DEBUG MultithreadEventLoopGroup:44 - -Dio.netty.eventLoopThreads: 16
  2022-07-11 13:28:07 DEBUG NioEventLoop:109 - -Dio.netty.noKeySetOptimization: false
  2022-07-11 13:28:07 DEBUG NioEventLoop:110 - -Dio.netty.selectorAutoRebuildThreshold: 512
  2022-07-11 13:28:07 DEBUG PooledByteBufAllocator:157 - -Dio.netty.allocator.numHeapArenas: 16
  2022-07-11 13:28:07 DEBUG PooledByteBufAllocator:158 - -Dio.netty.allocator.numDirectArenas: 16
  2022-07-11 13:28:07 DEBUG PooledByteBufAllocator:160 - -Dio.netty.allocator.pageSize: 8192
  2022-07-11 13:28:07 DEBUG PooledByteBufAllocator:165 - -Dio.netty.allocator.maxOrder: 9
  2022-07-11 13:28:07 DEBUG PooledByteBufAllocator:169 - -Dio.netty.allocator.chunkSize: 4194304
  2022-07-11 13:28:07 DEBUG PooledByteBufAllocator:170 - -Dio.netty.allocator.smallCacheSize: 256
  2022-07-11 13:28:07 DEBUG PooledByteBufAllocator:171 - -Dio.netty.allocator.normalCacheSize: 64
  2022-07-11 13:28:07 DEBUG PooledByteBufAllocator:172 - -Dio.netty.allocator.maxCachedBufferCapacity: 32768
  2022-07-11 13:28:07 DEBUG PooledByteBufAllocator:173 - -Dio.netty.allocator.cacheTrimInterval: 8192
  2022-07-11 13:28:07 DEBUG PooledByteBufAllocator:174 - -Dio.netty.allocator.cacheTrimIntervalMillis: 0
  2022-07-11 13:28:07 DEBUG PooledByteBufAllocator:175 - -Dio.netty.allocator.useCacheForAllThreads: false
  2022-07-11 13:28:07 DEBUG PooledByteBufAllocator:176 - -Dio.netty.allocator.maxCachedByteBuffersPerChunk: 1023
  2022-07-11 13:28:07 DEBUG ByteBufUtil:87 - -Dio.netty.allocator.type: pooled
  2022-07-11 13:28:07 DEBUG ByteBufUtil:96 - -Dio.netty.threadLocalDirectBufferSize: 0
  2022-07-11 13:28:07 DEBUG ByteBufUtil:99 - -Dio.netty.maxThreadLocalCharBufferSize: 16384
  2022-07-11 13:28:08 DEBUG DefaultChannelId:79 - -Dio.netty.processId: 6088 (auto-detected)
  2022-07-11 13:28:08 DEBUG NetUtil:136 - -Djava.net.preferIPv4Stack: false
  2022-07-11 13:28:08 DEBUG NetUtil:137 - -Djava.net.preferIPv6Addresses: false
  2022-07-11 13:28:08 DEBUG NetUtilInitializations:129 - Loopback interface: lo (Software Loopback Interface 1, 127.0.0.1)
  2022-07-11 13:28:08 DEBUG NetUtil:191 - Failed to get SOMAXCONN from sysctl and file \proc\sys\net\core\somaxconn. Default: 200
  2022-07-11 13:28:09 DEBUG DefaultChannelId:101 - -Dio.netty.machineId: 3c:58:c2:ff:fe:83:10:1c (auto-detected)
  2022-07-11 13:28:09 DEBUG AbstractByteBuf:63 - -Dio.netty.buffer.checkAccessible: true
  2022-07-11 13:28:09 DEBUG AbstractByteBuf:64 - -Dio.netty.buffer.checkBounds: true
  2022-07-11 13:28:09 DEBUG ResourceLeakDetectorFactory:196 - Loaded default ResourceLeakDetector: io.netty.util.ResourceLeakDetector@7ced7fe4
  2022-07-11 13:28:09 DEBUG Recycler:85 - -Dio.netty.recycler.maxCapacityPerThread: 4096
  2022-07-11 13:28:09 DEBUG Recycler:86 - -Dio.netty.recycler.ratio: 8
  2022-07-11 13:28:09 DEBUG Recycler:87 - -Dio.netty.recycler.chunkSize: 32
  2022-07-11 13:28:09 DEBUG Recycler:88 - -Dio.netty.recycler.blocking: false
  2022-07-11 13:28:10 DEBUG Brotli:38 - brotli4j not in the classpath; Brotli support will be unavailable.
  2022-07-11 13:28:11 DEBUG ThreadLocalRandom:214 - -Dio.netty.initialSeedUniquifier: 0xd38726dc75cf44fa
  2022-07-11 13:28:11 INFO  BaseDriver:45 - Browser Launched
  2022-07-11 13:38:29 DEBUG InternalLoggerFactory:89 - Using Log4J as the default logging framework
  2022-07-11 13:38:29 DEBUG ResourceLeakDetector:129 - -Dio.netty.leakDetection.level: simple
  2022-07-11 13:38:29 DEBUG ResourceLeakDetector:130 - -Dio.netty.leakDetection.targetRecords: 4
  2022-07-11 13:38:29 DEBUG ResourceLeakDetectorFactory:196 - Loaded default ResourceLeakDetector: io.netty.util.ResourceLeakDetector@54422e18
  2022-07-11 13:38:29 DEBUG PlatformDependent0:495 - -Dio.netty.noUnsafe: false
  2022-07-11 13:38:29 DEBUG PlatformDependent0:998 - Java version: 12
  2022-07-11 13:38:29 DEBUG PlatformDependent0:136 - sun.misc.Unsafe.theUnsafe: available
  2022-07-11 13:38:29 DEBUG PlatformDependent0:160 - sun.misc.Unsafe.copyMemory: available
  2022-07-11 13:38:29 DEBUG PlatformDependent0:192 - sun.misc.Unsafe.storeFence: available
  2022-07-11 13:38:29 DEBUG PlatformDependent0:235 - java.nio.Buffer.address: available
  2022-07-11 13:38:29 DEBUG PlatformDependent0:319 - direct buffer constructor: unavailable: Reflective setAccessible(true) disabled
  2022-07-11 13:38:29 DEBUG PlatformDependent0:384 - java.nio.Bits.unaligned: available, true
  2022-07-11 13:38:29 DEBUG PlatformDependent0:451 - jdk.internal.misc.Unsafe.allocateUninitializedArray(int): unavailable: class io.netty.util.internal.PlatformDependent0$7 cannot access class jdk.internal.misc.Unsafe (in module java.base) because module java.base does not export jdk.internal.misc to unnamed module @61c4eee0
  2022-07-11 13:38:29 DEBUG PlatformDependent0:481 - java.nio.DirectByteBuffer.<init>(long, int): unavailable
  2022-07-11 13:38:29 DEBUG PlatformDependent:1120 - sun.misc.Unsafe: available
  2022-07-11 13:38:29 DEBUG PlatformDependent:1231 - maxDirectMemory: 2074083328 bytes (maybe)
  2022-07-11 13:38:29 DEBUG PlatformDependent:1250 - -Dio.netty.tmpdir: C:\Users\hejimene\AppData\Local\Temp (java.io.tmpdir)
  2022-07-11 13:38:29 DEBUG PlatformDependent:1329 - -Dio.netty.bitMode: 64 (sun.arch.data.model)
  2022-07-11 13:38:29 DEBUG PlatformDependent:1080 - Platform: Windows
  2022-07-11 13:38:29 DEBUG PlatformDependent:178 - -Dio.netty.maxDirectMemory: -1 bytes
  2022-07-11 13:38:29 DEBUG PlatformDependent:185 - -Dio.netty.uninitializedArrayAllocationThreshold: -1
  2022-07-11 13:38:29 DEBUG CleanerJava9:71 - java.nio.ByteBuffer.cleaner(): available
  2022-07-11 13:38:29 DEBUG PlatformDependent:205 - -Dio.netty.noPreferDirect: false
  2022-07-11 13:38:29 DEBUG PlatformDependent:971 - org.jctools-core.MpscChunkedArrayQueue: available
  2022-07-11 13:38:29 DEBUG InternalThreadLocalMap:86 - -Dio.netty.threadLocalMap.stringBuilder.initialSize: 1024
  2022-07-11 13:38:30 DEBUG InternalThreadLocalMap:89 - -Dio.netty.threadLocalMap.stringBuilder.maxSize: 4096
  2022-07-11 13:38:30 DEBUG JdkSslContext:83 - Default protocols (JDK): [TLSv1.3, TLSv1.2, TLSv1.1, TLSv1] 
  2022-07-11 13:38:30 DEBUG JdkSslContext:84 - Default cipher suites (JDK): [TLS_ECDHE_ECDSA_WITH_AES_256_GCM_SHA384, TLS_ECDHE_ECDSA_WITH_AES_128_GCM_SHA256, TLS_ECDHE_RSA_WITH_AES_128_GCM_SHA256, TLS_ECDHE_RSA_WITH_AES_256_GCM_SHA384, TLS_ECDHE_RSA_WITH_AES_128_CBC_SHA, TLS_ECDHE_RSA_WITH_AES_256_CBC_SHA, TLS_RSA_WITH_AES_128_GCM_SHA256, TLS_RSA_WITH_AES_128_CBC_SHA, TLS_RSA_WITH_AES_256_CBC_SHA, TLS_AES_128_GCM_SHA256, TLS_AES_256_GCM_SHA384]
  2022-07-11 13:38:30 DEBUG MultithreadEventLoopGroup:44 - -Dio.netty.eventLoopThreads: 16
  2022-07-11 13:38:30 DEBUG NioEventLoop:109 - -Dio.netty.noKeySetOptimization: false
  2022-07-11 13:38:30 DEBUG NioEventLoop:110 - -Dio.netty.selectorAutoRebuildThreshold: 512
  2022-07-11 13:38:30 DEBUG PooledByteBufAllocator:157 - -Dio.netty.allocator.numHeapArenas: 16
  2022-07-11 13:38:30 DEBUG PooledByteBufAllocator:158 - -Dio.netty.allocator.numDirectArenas: 16
  2022-07-11 13:38:30 DEBUG PooledByteBufAllocator:160 - -Dio.netty.allocator.pageSize: 8192
  2022-07-11 13:38:30 DEBUG PooledByteBufAllocator:165 - -Dio.netty.allocator.maxOrder: 9
  2022-07-11 13:38:30 DEBUG PooledByteBufAllocator:169 - -Dio.netty.allocator.chunkSize: 4194304
  2022-07-11 13:38:30 DEBUG PooledByteBufAllocator:170 - -Dio.netty.allocator.smallCacheSize: 256
  2022-07-11 13:38:30 DEBUG PooledByteBufAllocator:171 - -Dio.netty.allocator.normalCacheSize: 64
  2022-07-11 13:38:30 DEBUG PooledByteBufAllocator:172 - -Dio.netty.allocator.maxCachedBufferCapacity: 32768
  2022-07-11 13:38:30 DEBUG PooledByteBufAllocator:173 - -Dio.netty.allocator.cacheTrimInterval: 8192
  2022-07-11 13:38:30 DEBUG PooledByteBufAllocator:174 - -Dio.netty.allocator.cacheTrimIntervalMillis: 0
  2022-07-11 13:38:30 DEBUG PooledByteBufAllocator:175 - -Dio.netty.allocator.useCacheForAllThreads: false
  2022-07-11 13:38:30 DEBUG PooledByteBufAllocator:176 - -Dio.netty.allocator.maxCachedByteBuffersPerChunk: 1023
  2022-07-11 13:38:30 DEBUG ByteBufUtil:87 - -Dio.netty.allocator.type: pooled
  2022-07-11 13:38:30 DEBUG ByteBufUtil:96 - -Dio.netty.threadLocalDirectBufferSize: 0
  2022-07-11 13:38:30 DEBUG ByteBufUtil:99 - -Dio.netty.maxThreadLocalCharBufferSize: 16384
  2022-07-11 13:38:31 DEBUG DefaultChannelId:79 - -Dio.netty.processId: 13004 (auto-detected)
  2022-07-11 13:38:31 DEBUG NetUtil:136 - -Djava.net.preferIPv4Stack: false
  2022-07-11 13:38:31 DEBUG NetUtil:137 - -Djava.net.preferIPv6Addresses: false
  2022-07-11 13:38:32 DEBUG NetUtilInitializations:129 - Loopback interface: lo (Software Loopback Interface 1, 127.0.0.1)
  2022-07-11 13:38:32 DEBUG NetUtil:191 - Failed to get SOMAXCONN from sysctl and file \proc\sys\net\core\somaxconn. Default: 200
  2022-07-11 13:38:32 DEBUG DefaultChannelId:101 - -Dio.netty.machineId: 3c:58:c2:ff:fe:83:10:1c (auto-detected)
  2022-07-11 13:38:33 DEBUG AbstractByteBuf:63 - -Dio.netty.buffer.checkAccessible: true
  2022-07-11 13:38:33 DEBUG AbstractByteBuf:64 - -Dio.netty.buffer.checkBounds: true
  2022-07-11 13:38:33 DEBUG ResourceLeakDetectorFactory:196 - Loaded default ResourceLeakDetector: io.netty.util.ResourceLeakDetector@417ed61a
  2022-07-11 13:38:33 DEBUG Recycler:85 - -Dio.netty.recycler.maxCapacityPerThread: 4096
  2022-07-11 13:38:33 DEBUG Recycler:86 - -Dio.netty.recycler.ratio: 8
  2022-07-11 13:38:33 DEBUG Recycler:87 - -Dio.netty.recycler.chunkSize: 32
  2022-07-11 13:38:33 DEBUG Recycler:88 - -Dio.netty.recycler.blocking: false
  2022-07-11 13:38:36 DEBUG Brotli:38 - brotli4j not in the classpath; Brotli support will be unavailable.
  2022-07-11 13:38:37 DEBUG ThreadLocalRandom:214 - -Dio.netty.initialSeedUniquifier: 0x5973325b513b360a
  2022-07-11 13:38:38 INFO  BaseDriver:44 - Browser Launched
  2022-07-11 13:48:41 DEBUG InternalLoggerFactory:89 - Using Log4J as the default logging framework
  2022-07-11 13:48:41 DEBUG ResourceLeakDetector:129 - -Dio.netty.leakDetection.level: simple
  2022-07-11 13:48:41 DEBUG ResourceLeakDetector:130 - -Dio.netty.leakDetection.targetRecords: 4
  2022-07-11 13:48:41 DEBUG ResourceLeakDetectorFactory:196 - Loaded default ResourceLeakDetector: io.netty.util.ResourceLeakDetector@563f38c4
  2022-07-11 13:48:41 DEBUG PlatformDependent0:495 - -Dio.netty.noUnsafe: false
  2022-07-11 13:48:41 DEBUG PlatformDependent0:998 - Java version: 12
  2022-07-11 13:48:41 DEBUG PlatformDependent0:136 - sun.misc.Unsafe.theUnsafe: available
  2022-07-11 13:48:41 DEBUG PlatformDependent0:160 - sun.misc.Unsafe.copyMemory: available
  2022-07-11 13:48:41 DEBUG PlatformDependent0:192 - sun.misc.Unsafe.storeFence: available
  2022-07-11 13:48:41 DEBUG PlatformDependent0:235 - java.nio.Buffer.address: available
  2022-07-11 13:48:41 DEBUG PlatformDependent0:319 - direct buffer constructor: unavailable: Reflective setAccessible(true) disabled
  2022-07-11 13:48:41 DEBUG PlatformDependent0:384 - java.nio.Bits.unaligned: available, true
  2022-07-11 13:48:41 DEBUG PlatformDependent0:451 - jdk.internal.misc.Unsafe.allocateUninitializedArray(int): unavailable: class io.netty.util.internal.PlatformDependent0$7 cannot access class jdk.internal.misc.Unsafe (in module java.base) because module java.base does not export jdk.internal.misc to unnamed module @7ae0a9ec
  2022-07-11 13:48:41 DEBUG PlatformDependent0:481 - java.nio.DirectByteBuffer.<init>(long, int): unavailable
  2022-07-11 13:48:41 DEBUG PlatformDependent:1120 - sun.misc.Unsafe: available
  2022-07-11 13:48:41 DEBUG PlatformDependent:1231 - maxDirectMemory: 2074083328 bytes (maybe)
  2022-07-11 13:48:41 DEBUG PlatformDependent:1250 - -Dio.netty.tmpdir: C:\Users\hejimene\AppData\Local\Temp (java.io.tmpdir)
  2022-07-11 13:48:41 DEBUG PlatformDependent:1329 - -Dio.netty.bitMode: 64 (sun.arch.data.model)
  2022-07-11 13:48:41 DEBUG PlatformDependent:1080 - Platform: Windows
  2022-07-11 13:48:41 DEBUG PlatformDependent:178 - -Dio.netty.maxDirectMemory: -1 bytes
  2022-07-11 13:48:41 DEBUG PlatformDependent:185 - -Dio.netty.uninitializedArrayAllocationThreshold: -1
  2022-07-11 13:48:41 DEBUG CleanerJava9:71 - java.nio.ByteBuffer.cleaner(): available
  2022-07-11 13:48:41 DEBUG PlatformDependent:205 - -Dio.netty.noPreferDirect: false
  2022-07-11 13:48:41 DEBUG PlatformDependent:971 - org.jctools-core.MpscChunkedArrayQueue: available
  2022-07-11 13:48:41 DEBUG InternalThreadLocalMap:86 - -Dio.netty.threadLocalMap.stringBuilder.initialSize: 1024
  2022-07-11 13:48:41 DEBUG InternalThreadLocalMap:89 - -Dio.netty.threadLocalMap.stringBuilder.maxSize: 4096
  2022-07-11 13:48:41 DEBUG JdkSslContext:83 - Default protocols (JDK): [TLSv1.3, TLSv1.2, TLSv1.1, TLSv1] 
  2022-07-11 13:48:41 DEBUG JdkSslContext:84 - Default cipher suites (JDK): [TLS_ECDHE_ECDSA_WITH_AES_256_GCM_SHA384, TLS_ECDHE_ECDSA_WITH_AES_128_GCM_SHA256, TLS_ECDHE_RSA_WITH_AES_128_GCM_SHA256, TLS_ECDHE_RSA_WITH_AES_256_GCM_SHA384, TLS_ECDHE_RSA_WITH_AES_128_CBC_SHA, TLS_ECDHE_RSA_WITH_AES_256_CBC_SHA, TLS_RSA_WITH_AES_128_GCM_SHA256, TLS_RSA_WITH_AES_128_CBC_SHA, TLS_RSA_WITH_AES_256_CBC_SHA, TLS_AES_128_GCM_SHA256, TLS_AES_256_GCM_SHA384]
  2022-07-11 13:48:41 DEBUG MultithreadEventLoopGroup:44 - -Dio.netty.eventLoopThreads: 16
  2022-07-11 13:48:41 DEBUG NioEventLoop:109 - -Dio.netty.noKeySetOptimization: false
  2022-07-11 13:48:41 DEBUG NioEventLoop:110 - -Dio.netty.selectorAutoRebuildThreshold: 512
  2022-07-11 13:48:41 DEBUG PooledByteBufAllocator:157 - -Dio.netty.allocator.numHeapArenas: 16
  2022-07-11 13:48:41 DEBUG PooledByteBufAllocator:158 - -Dio.netty.allocator.numDirectArenas: 16
  2022-07-11 13:48:41 DEBUG PooledByteBufAllocator:160 - -Dio.netty.allocator.pageSize: 8192
  2022-07-11 13:48:41 DEBUG PooledByteBufAllocator:165 - -Dio.netty.allocator.maxOrder: 9
  2022-07-11 13:48:41 DEBUG PooledByteBufAllocator:169 - -Dio.netty.allocator.chunkSize: 4194304
  2022-07-11 13:48:41 DEBUG PooledByteBufAllocator:170 - -Dio.netty.allocator.smallCacheSize: 256
  2022-07-11 13:48:41 DEBUG PooledByteBufAllocator:171 - -Dio.netty.allocator.normalCacheSize: 64
  2022-07-11 13:48:41 DEBUG PooledByteBufAllocator:172 - -Dio.netty.allocator.maxCachedBufferCapacity: 32768
  2022-07-11 13:48:41 DEBUG PooledByteBufAllocator:173 - -Dio.netty.allocator.cacheTrimInterval: 8192
  2022-07-11 13:48:41 DEBUG PooledByteBufAllocator:174 - -Dio.netty.allocator.cacheTrimIntervalMillis: 0
  2022-07-11 13:48:41 DEBUG PooledByteBufAllocator:175 - -Dio.netty.allocator.useCacheForAllThreads: false
  2022-07-11 13:48:41 DEBUG PooledByteBufAllocator:176 - -Dio.netty.allocator.maxCachedByteBuffersPerChunk: 1023
  2022-07-11 13:48:41 DEBUG ByteBufUtil:87 - -Dio.netty.allocator.type: pooled
  2022-07-11 13:48:41 DEBUG ByteBufUtil:96 - -Dio.netty.threadLocalDirectBufferSize: 0
  2022-07-11 13:48:41 DEBUG ByteBufUtil:99 - -Dio.netty.maxThreadLocalCharBufferSize: 16384
  2022-07-11 13:48:42 DEBUG DefaultChannelId:79 - -Dio.netty.processId: 23924 (auto-detected)
  2022-07-11 13:48:42 DEBUG NetUtil:136 - -Djava.net.preferIPv4Stack: false
  2022-07-11 13:48:42 DEBUG NetUtil:137 - -Djava.net.preferIPv6Addresses: false
  2022-07-11 13:48:43 DEBUG NetUtilInitializations:129 - Loopback interface: lo (Software Loopback Interface 1, 127.0.0.1)
  2022-07-11 13:48:43 DEBUG NetUtil:191 - Failed to get SOMAXCONN from sysctl and file \proc\sys\net\core\somaxconn. Default: 200
  2022-07-11 13:48:43 DEBUG DefaultChannelId:101 - -Dio.netty.machineId: 3c:58:c2:ff:fe:83:10:1c (auto-detected)
  2022-07-11 13:48:43 DEBUG AbstractByteBuf:63 - -Dio.netty.buffer.checkAccessible: true
  2022-07-11 13:48:43 DEBUG AbstractByteBuf:64 - -Dio.netty.buffer.checkBounds: true
  2022-07-11 13:48:43 DEBUG ResourceLeakDetectorFactory:196 - Loaded default ResourceLeakDetector: io.netty.util.ResourceLeakDetector@50af39b6
  2022-07-11 13:48:43 DEBUG Recycler:85 - -Dio.netty.recycler.maxCapacityPerThread: 4096
  2022-07-11 13:48:43 DEBUG Recycler:86 - -Dio.netty.recycler.ratio: 8
  2022-07-11 13:48:43 DEBUG Recycler:87 - -Dio.netty.recycler.chunkSize: 32
  2022-07-11 13:48:43 DEBUG Recycler:88 - -Dio.netty.recycler.blocking: false
  2022-07-11 13:48:45 DEBUG Brotli:38 - brotli4j not in the classpath; Brotli support will be unavailable.
  2022-07-11 13:48:45 DEBUG ThreadLocalRandom:214 - -Dio.netty.initialSeedUniquifier: 0x69b19c52b95b02f4
  2022-07-11 13:48:46 INFO  BaseDriver:45 - Browser Launched
  2022-07-11 13:48:47 INFO  BaseDriver:29 - Home Page Displayed
  